<?xml version="1.0" ?>
<testsuites errors="0" failures="0" name="ABLUnit" tests="7"><testsuite classname="LithosAppTestSuite" errors="0" failures="0" id="1" name="C:\PeWkSpaces\wkspace2\LithosAppTest\tests\LithosAppTestSuite.cls" skipped="0" tests="7" time=".03"><testsuite classname="CoreConfigApiTest" errors="0" failures="0" id="2" name="CoreConfigApiTest.cls" skipped="0" tests="7" time=".029"><properties><property name="proversion" value="12.2.0.0.1170"/><property name="process-architecture" value="64"/><property name="opsys" value="WIN32"/><property name="window-system" value="MS-WINXP"/><property name="cpinternal" value="ISO8859-1"/><property name="startup-parameters" value="-pf C:\Progress\OpenEdge\startup.pf,-cpinternal ISO8859-1,-cpstream ISO8859-1,-cpcoll Basic,-cpcase Basic,-d mdy,-numsep 44,-numdec 46,(end .pf),-db C:\PeWkSpaces\pedb\Lithos\Lithos.db,-H localhost,-nosplash,-p C:\Progress\OpenEdge\oeide\eclipse\plugins\com.openedge.pdt.debug.core_12.2.0.00\abl\_debuglauncher.p"/></properties><testcase classname="CoreConfigApiTest" name="testGetAll" status="Success" time=".003"/><testcase classname="CoreConfigApiTest" name="testGetGroup" status="Success" time=".001"/><testcase classname="CoreConfigApiTest" name="testGeGroups" status="Success" time=".002"/><testcase classname="CoreConfigApiTest" name="testGetOneById" status="Success" time=".002"/><testcase classname="CoreConfigApiTest" name="testDeleteOne" status="Success" time=".002"/><testcase classname="CoreConfigApiTest" name="testCreateOne" status="Success" time=".001"/><testcase classname="CoreConfigApiTest" name="testUpdateOne" status="Success" time=".002"/></testsuite></testsuite></testsuites>